versions pytest-3.7.2, py-1.5.4, python-2.7.5.final.0
cwd=/root/ansible/roles/centos7-common/molecule/default
args=['-p', 'no:cacheprovider', '--connection=ansible', '--debug', '--ansible-inventory=/tmp/molecule/centos7-common/default/ansible_inventory.yml', '/root/ansible/roles/centos7-common/molecule/default/tests/test_default.py', '-vvv']

  pytest_cmdline_main [hook]
      config: <_pytest.config.Config object at 0x7f6ba4903690>
    pytest_plugin_registered [hook]
        manager: <_pytest.config.PytestPluginManager object at 0x7f6ba4966a90>
        plugin: <Session 'default'>
    finish pytest_plugin_registered --> [] [hook]
    pytest_configure [hook]
        config: <_pytest.config.Config object at 0x7f6ba4903690>
      pytest_plugin_registered [hook]
          manager: <_pytest.config.PytestPluginManager object at 0x7f6ba4966a90>
          plugin: <_pytest.logging.LoggingPlugin object at 0x7f6ba3b2f650>
      finish pytest_plugin_registered --> [] [hook]
    find_module called for: py._io.terminalwriter [assertion]
    find_module called for: py._io.termios [assertion]
    find_module called for: termios [assertion]
    find_module called for: py._io.fcntl [assertion]
    find_module called for: py._io.struct [assertion]
      pytest_plugin_registered [hook]
          manager: <_pytest.config.PytestPluginManager object at 0x7f6ba4966a90>
          plugin: <_pytest.config.PytestPluginManager object at 0x7f6ba4966a90>
      finish pytest_plugin_registered --> [] [hook]
      pytest_plugin_registered [hook]
          manager: <_pytest.config.PytestPluginManager object at 0x7f6ba4966a90>
          plugin: <_pytest.config.Config object at 0x7f6ba4903690>
      finish pytest_plugin_registered --> [] [hook]
      pytest_plugin_registered [hook]
          manager: <_pytest.config.PytestPluginManager object at 0x7f6ba4966a90>
          plugin: <module '_pytest.mark' from '/usr/lib/python2.7/site-packages/_pytest/mark/__init__.pyc'>
      finish pytest_plugin_registered --> [] [hook]
      pytest_plugin_registered [hook]
          manager: <_pytest.config.PytestPluginManager object at 0x7f6ba4966a90>
          plugin: <module '_pytest.main' from '/usr/lib/python2.7/site-packages/_pytest/main.pyc'>
      finish pytest_plugin_registered --> [] [hook]
      pytest_plugin_registered [hook]
          manager: <_pytest.config.PytestPluginManager object at 0x7f6ba4966a90>
          plugin: <module '_pytest.terminal' from '/usr/lib/python2.7/site-packages/_pytest/terminal.pyc'>
      finish pytest_plugin_registered --> [] [hook]
      pytest_plugin_registered [hook]
          manager: <_pytest.config.PytestPluginManager object at 0x7f6ba4966a90>
          plugin: <module '_pytest.runner' from '/usr/lib/python2.7/site-packages/_pytest/runner.pyc'>
      finish pytest_plugin_registered --> [] [hook]
      pytest_plugin_registered [hook]
          manager: <_pytest.config.PytestPluginManager object at 0x7f6ba4966a90>
          plugin: <module '_pytest.python' from '/usr/lib/python2.7/site-packages/_pytest/python.pyc'>
      finish pytest_plugin_registered --> [] [hook]
      pytest_plugin_registered [hook]
          manager: <_pytest.config.PytestPluginManager object at 0x7f6ba4966a90>
          plugin: <module '_pytest.fixtures' from '/usr/lib/python2.7/site-packages/_pytest/fixtures.pyc'>
      finish pytest_plugin_registered --> [] [hook]
      pytest_plugin_registered [hook]
          manager: <_pytest.config.PytestPluginManager object at 0x7f6ba4966a90>
          plugin: <module '_pytest.debugging' from '/usr/lib/python2.7/site-packages/_pytest/debugging.pyc'>
      finish pytest_plugin_registered --> [] [hook]
      pytest_plugin_registered [hook]
          manager: <_pytest.config.PytestPluginManager object at 0x7f6ba4966a90>
          plugin: <module '_pytest.unittest' from '/usr/lib/python2.7/site-packages/_pytest/unittest.pyc'>
      finish pytest_plugin_registered --> [] [hook]
      pytest_plugin_registered [hook]
          manager: <_pytest.config.PytestPluginManager object at 0x7f6ba4966a90>
          plugin: <module '_pytest.capture' from '/usr/lib/python2.7/site-packages/_pytest/capture.pyc'>
      finish pytest_plugin_registered --> [] [hook]
      pytest_plugin_registered [hook]
          manager: <_pytest.config.PytestPluginManager object at 0x7f6ba4966a90>
          plugin: <module '_pytest.skipping' from '/usr/lib/python2.7/site-packages/_pytest/skipping.pyc'>
      finish pytest_plugin_registered --> [] [hook]
      pytest_plugin_registered [hook]
          manager: <_pytest.config.PytestPluginManager object at 0x7f6ba4966a90>
          plugin: <module '_pytest.tmpdir' from '/usr/lib/python2.7/site-packages/_pytest/tmpdir.pyc'>
      finish pytest_plugin_registered --> [] [hook]
      pytest_plugin_registered [hook]
          manager: <_pytest.config.PytestPluginManager object at 0x7f6ba4966a90>
          plugin: <module '_pytest.monkeypatch' from '/usr/lib/python2.7/site-packages/_pytest/monkeypatch.pyc'>
      finish pytest_plugin_registered --> [] [hook]
      pytest_plugin_registered [hook]
          manager: <_pytest.config.PytestPluginManager object at 0x7f6ba4966a90>
          plugin: <module '_pytest.recwarn' from '/usr/lib/python2.7/site-packages/_pytest/recwarn.pyc'>
      finish pytest_plugin_registered --> [] [hook]
      pytest_plugin_registered [hook]
          manager: <_pytest.config.PytestPluginManager object at 0x7f6ba4966a90>
          plugin: <module '_pytest.pastebin' from '/usr/lib/python2.7/site-packages/_pytest/pastebin.pyc'>
      finish pytest_plugin_registered --> [] [hook]
      pytest_plugin_registered [hook]
          manager: <_pytest.config.PytestPluginManager object at 0x7f6ba4966a90>
          plugin: <module '_pytest.helpconfig' from '/usr/lib/python2.7/site-packages/_pytest/helpconfig.pyc'>
      finish pytest_plugin_registered --> [] [hook]
      pytest_plugin_registered [hook]
          manager: <_pytest.config.PytestPluginManager object at 0x7f6ba4966a90>
          plugin: <module '_pytest.nose' from '/usr/lib/python2.7/site-packages/_pytest/nose.pyc'>
      finish pytest_plugin_registered --> [] [hook]
      pytest_plugin_registered [hook]
          manager: <_pytest.config.PytestPluginManager object at 0x7f6ba4966a90>
          plugin: <module '_pytest.assertion' from '/usr/lib/python2.7/site-packages/_pytest/assertion/__init__.pyc'>
      finish pytest_plugin_registered --> [] [hook]
      pytest_plugin_registered [hook]
          manager: <_pytest.config.PytestPluginManager object at 0x7f6ba4966a90>
          plugin: <module '_pytest.junitxml' from '/usr/lib/python2.7/site-packages/_pytest/junitxml.pyc'>
      finish pytest_plugin_registered --> [] [hook]
      pytest_plugin_registered [hook]
          manager: <_pytest.config.PytestPluginManager object at 0x7f6ba4966a90>
          plugin: <module '_pytest.resultlog' from '/usr/lib/python2.7/site-packages/_pytest/resultlog.pyc'>
      finish pytest_plugin_registered --> [] [hook]
      pytest_plugin_registered [hook]
          manager: <_pytest.config.PytestPluginManager object at 0x7f6ba4966a90>
          plugin: <module '_pytest.doctest' from '/usr/lib/python2.7/site-packages/_pytest/doctest.pyc'>
      finish pytest_plugin_registered --> [] [hook]
      pytest_plugin_registered [hook]
          manager: <_pytest.config.PytestPluginManager object at 0x7f6ba4966a90>
          plugin: <module '_pytest.cacheprovider' from '/usr/lib/python2.7/site-packages/_pytest/cacheprovider.pyc'>
      finish pytest_plugin_registered --> [] [hook]
      pytest_plugin_registered [hook]
          manager: <_pytest.config.PytestPluginManager object at 0x7f6ba4966a90>
          plugin: <module '_pytest.freeze_support' from '/usr/lib/python2.7/site-packages/_pytest/freeze_support.pyc'>
      finish pytest_plugin_registered --> [] [hook]
      pytest_plugin_registered [hook]
          manager: <_pytest.config.PytestPluginManager object at 0x7f6ba4966a90>
          plugin: <module '_pytest.setuponly' from '/usr/lib/python2.7/site-packages/_pytest/setuponly.pyc'>
      finish pytest_plugin_registered --> [] [hook]
      pytest_plugin_registered [hook]
          manager: <_pytest.config.PytestPluginManager object at 0x7f6ba4966a90>
          plugin: <module '_pytest.setupplan' from '/usr/lib/python2.7/site-packages/_pytest/setupplan.pyc'>
      finish pytest_plugin_registered --> [] [hook]
      pytest_plugin_registered [hook]
          manager: <_pytest.config.PytestPluginManager object at 0x7f6ba4966a90>
          plugin: <module '_pytest.warnings' from '/usr/lib/python2.7/site-packages/_pytest/warnings.pyc'>
      finish pytest_plugin_registered --> [] [hook]
      pytest_plugin_registered [hook]
          manager: <_pytest.config.PytestPluginManager object at 0x7f6ba4966a90>
          plugin: <module '_pytest.logging' from '/usr/lib/python2.7/site-packages/_pytest/logging.pyc'>
      finish pytest_plugin_registered --> [] [hook]
      pytest_plugin_registered [hook]
          manager: <_pytest.config.PytestPluginManager object at 0x7f6ba4966a90>
          plugin: <module 'testinfra.plugin' from '/usr/lib/python2.7/site-packages/testinfra/plugin.py'>
      finish pytest_plugin_registered --> [] [hook]
      pytest_plugin_registered [hook]
          manager: <_pytest.config.PytestPluginManager object at 0x7f6ba4966a90>
          plugin: <_pytest.capture.CaptureManager object at 0x7f6ba3b08b90>
      finish pytest_plugin_registered --> [] [hook]
      pytest_plugin_registered [hook]
          manager: <_pytest.config.PytestPluginManager object at 0x7f6ba4966a90>
          plugin: <Session 'default'>
      finish pytest_plugin_registered --> [] [hook]
      pytest_plugin_registered [hook]
          manager: <_pytest.config.PytestPluginManager object at 0x7f6ba4966a90>
          plugin: <_pytest.logging.LoggingPlugin object at 0x7f6ba3b2f650>
      finish pytest_plugin_registered --> [] [hook]
      pytest_plugin_registered [hook]
          manager: <_pytest.config.PytestPluginManager object at 0x7f6ba4966a90>
          plugin: <_pytest.terminal.TerminalReporter object at 0x7f6ba3b28e90>
      finish pytest_plugin_registered --> [] [hook]
    finish pytest_configure --> [] [hook]
    pytest_sessionstart [hook]
        session: <Session 'default'>
      pytest_plugin_registered [hook]
          manager: <_pytest.config.PytestPluginManager object at 0x7f6ba4966a90>
          plugin: <_pytest.config.PytestPluginManager object at 0x7f6ba4966a90>
      finish pytest_plugin_registered --> [] [hook]
      pytest_plugin_registered [hook]
          manager: <_pytest.config.PytestPluginManager object at 0x7f6ba4966a90>
          plugin: <_pytest.config.Config object at 0x7f6ba4903690>
      finish pytest_plugin_registered --> [] [hook]
      pytest_plugin_registered [hook]
          manager: <_pytest.config.PytestPluginManager object at 0x7f6ba4966a90>
          plugin: <module '_pytest.mark' from '/usr/lib/python2.7/site-packages/_pytest/mark/__init__.pyc'>
      finish pytest_plugin_registered --> [] [hook]
      pytest_plugin_registered [hook]
          manager: <_pytest.config.PytestPluginManager object at 0x7f6ba4966a90>
          plugin: <module '_pytest.main' from '/usr/lib/python2.7/site-packages/_pytest/main.pyc'>
      finish pytest_plugin_registered --> [] [hook]
      pytest_plugin_registered [hook]
          manager: <_pytest.config.PytestPluginManager object at 0x7f6ba4966a90>
          plugin: <module '_pytest.terminal' from '/usr/lib/python2.7/site-packages/_pytest/terminal.pyc'>
      finish pytest_plugin_registered --> [] [hook]
      pytest_plugin_registered [hook]
          manager: <_pytest.config.PytestPluginManager object at 0x7f6ba4966a90>
          plugin: <module '_pytest.runner' from '/usr/lib/python2.7/site-packages/_pytest/runner.pyc'>
      finish pytest_plugin_registered --> [] [hook]
      pytest_plugin_registered [hook]
          manager: <_pytest.config.PytestPluginManager object at 0x7f6ba4966a90>
          plugin: <module '_pytest.python' from '/usr/lib/python2.7/site-packages/_pytest/python.pyc'>
      finish pytest_plugin_registered --> [] [hook]
      pytest_plugin_registered [hook]
          manager: <_pytest.config.PytestPluginManager object at 0x7f6ba4966a90>
          plugin: <module '_pytest.fixtures' from '/usr/lib/python2.7/site-packages/_pytest/fixtures.pyc'>
      finish pytest_plugin_registered --> [] [hook]
      pytest_plugin_registered [hook]
          manager: <_pytest.config.PytestPluginManager object at 0x7f6ba4966a90>
          plugin: <module '_pytest.debugging' from '/usr/lib/python2.7/site-packages/_pytest/debugging.pyc'>
      finish pytest_plugin_registered --> [] [hook]
      pytest_plugin_registered [hook]
          manager: <_pytest.config.PytestPluginManager object at 0x7f6ba4966a90>
          plugin: <module '_pytest.unittest' from '/usr/lib/python2.7/site-packages/_pytest/unittest.pyc'>
      finish pytest_plugin_registered --> [] [hook]
      pytest_plugin_registered [hook]
          manager: <_pytest.config.PytestPluginManager object at 0x7f6ba4966a90>
          plugin: <module '_pytest.capture' from '/usr/lib/python2.7/site-packages/_pytest/capture.pyc'>
      finish pytest_plugin_registered --> [] [hook]
      pytest_plugin_registered [hook]
          manager: <_pytest.config.PytestPluginManager object at 0x7f6ba4966a90>
          plugin: <module '_pytest.skipping' from '/usr/lib/python2.7/site-packages/_pytest/skipping.pyc'>
      finish pytest_plugin_registered --> [] [hook]
      pytest_plugin_registered [hook]
          manager: <_pytest.config.PytestPluginManager object at 0x7f6ba4966a90>
          plugin: <module '_pytest.tmpdir' from '/usr/lib/python2.7/site-packages/_pytest/tmpdir.pyc'>
      finish pytest_plugin_registered --> [] [hook]
      pytest_plugin_registered [hook]
          manager: <_pytest.config.PytestPluginManager object at 0x7f6ba4966a90>
          plugin: <module '_pytest.monkeypatch' from '/usr/lib/python2.7/site-packages/_pytest/monkeypatch.pyc'>
      finish pytest_plugin_registered --> [] [hook]
      pytest_plugin_registered [hook]
          manager: <_pytest.config.PytestPluginManager object at 0x7f6ba4966a90>
          plugin: <module '_pytest.recwarn' from '/usr/lib/python2.7/site-packages/_pytest/recwarn.pyc'>
      finish pytest_plugin_registered --> [] [hook]
      pytest_plugin_registered [hook]
          manager: <_pytest.config.PytestPluginManager object at 0x7f6ba4966a90>
          plugin: <module '_pytest.pastebin' from '/usr/lib/python2.7/site-packages/_pytest/pastebin.pyc'>
      finish pytest_plugin_registered --> [] [hook]
      pytest_plugin_registered [hook]
          manager: <_pytest.config.PytestPluginManager object at 0x7f6ba4966a90>
          plugin: <module '_pytest.helpconfig' from '/usr/lib/python2.7/site-packages/_pytest/helpconfig.pyc'>
      finish pytest_plugin_registered --> [] [hook]
      pytest_plugin_registered [hook]
          manager: <_pytest.config.PytestPluginManager object at 0x7f6ba4966a90>
          plugin: <module '_pytest.nose' from '/usr/lib/python2.7/site-packages/_pytest/nose.pyc'>
      finish pytest_plugin_registered --> [] [hook]
      pytest_plugin_registered [hook]
          manager: <_pytest.config.PytestPluginManager object at 0x7f6ba4966a90>
          plugin: <module '_pytest.assertion' from '/usr/lib/python2.7/site-packages/_pytest/assertion/__init__.pyc'>
      finish pytest_plugin_registered --> [] [hook]
      pytest_plugin_registered [hook]
          manager: <_pytest.config.PytestPluginManager object at 0x7f6ba4966a90>
          plugin: <module '_pytest.junitxml' from '/usr/lib/python2.7/site-packages/_pytest/junitxml.pyc'>
      finish pytest_plugin_registered --> [] [hook]
      pytest_plugin_registered [hook]
          manager: <_pytest.config.PytestPluginManager object at 0x7f6ba4966a90>
          plugin: <module '_pytest.resultlog' from '/usr/lib/python2.7/site-packages/_pytest/resultlog.pyc'>
      finish pytest_plugin_registered --> [] [hook]
      pytest_plugin_registered [hook]
          manager: <_pytest.config.PytestPluginManager object at 0x7f6ba4966a90>
          plugin: <module '_pytest.doctest' from '/usr/lib/python2.7/site-packages/_pytest/doctest.pyc'>
      finish pytest_plugin_registered --> [] [hook]
      pytest_plugin_registered [hook]
          manager: <_pytest.config.PytestPluginManager object at 0x7f6ba4966a90>
          plugin: <module '_pytest.cacheprovider' from '/usr/lib/python2.7/site-packages/_pytest/cacheprovider.pyc'>
      finish pytest_plugin_registered --> [] [hook]
      pytest_plugin_registered [hook]
          manager: <_pytest.config.PytestPluginManager object at 0x7f6ba4966a90>
          plugin: <module '_pytest.freeze_support' from '/usr/lib/python2.7/site-packages/_pytest/freeze_support.pyc'>
      finish pytest_plugin_registered --> [] [hook]
      pytest_plugin_registered [hook]
          manager: <_pytest.config.PytestPluginManager object at 0x7f6ba4966a90>
          plugin: <module '_pytest.setuponly' from '/usr/lib/python2.7/site-packages/_pytest/setuponly.pyc'>
      finish pytest_plugin_registered --> [] [hook]
      pytest_plugin_registered [hook]
          manager: <_pytest.config.PytestPluginManager object at 0x7f6ba4966a90>
          plugin: <module '_pytest.setupplan' from '/usr/lib/python2.7/site-packages/_pytest/setupplan.pyc'>
      finish pytest_plugin_registered --> [] [hook]
      pytest_plugin_registered [hook]
          manager: <_pytest.config.PytestPluginManager object at 0x7f6ba4966a90>
          plugin: <module '_pytest.warnings' from '/usr/lib/python2.7/site-packages/_pytest/warnings.pyc'>
      finish pytest_plugin_registered --> [] [hook]
      pytest_plugin_registered [hook]
          manager: <_pytest.config.PytestPluginManager object at 0x7f6ba4966a90>
          plugin: <module '_pytest.logging' from '/usr/lib/python2.7/site-packages/_pytest/logging.pyc'>
      finish pytest_plugin_registered --> [] [hook]
      pytest_plugin_registered [hook]
          manager: <_pytest.config.PytestPluginManager object at 0x7f6ba4966a90>
          plugin: <module 'testinfra.plugin' from '/usr/lib/python2.7/site-packages/testinfra/plugin.py'>
      finish pytest_plugin_registered --> [] [hook]
      pytest_plugin_registered [hook]
          manager: <_pytest.config.PytestPluginManager object at 0x7f6ba4966a90>
          plugin: <_pytest.capture.CaptureManager object at 0x7f6ba3b08b90>
      finish pytest_plugin_registered --> [] [hook]
      pytest_plugin_registered [hook]
          manager: <_pytest.config.PytestPluginManager object at 0x7f6ba4966a90>
          plugin: <Session 'default'>
      finish pytest_plugin_registered --> [] [hook]
      pytest_plugin_registered [hook]
          manager: <_pytest.config.PytestPluginManager object at 0x7f6ba4966a90>
          plugin: <_pytest.logging.LoggingPlugin object at 0x7f6ba3b2f650>
      finish pytest_plugin_registered --> [] [hook]
      pytest_plugin_registered [hook]
          manager: <_pytest.config.PytestPluginManager object at 0x7f6ba4966a90>
          plugin: <_pytest.terminal.TerminalReporter object at 0x7f6ba3b28e90>
      finish pytest_plugin_registered --> [] [hook]
      pytest_plugin_registered [hook]
          manager: <_pytest.config.PytestPluginManager object at 0x7f6ba4966a90>
          plugin: <_pytest.fixtures.FixtureManager object at 0x7f6ba3b7c4d0>
      finish pytest_plugin_registered --> [] [hook]
      pytest_report_header [hook]
          startdir: /root/ansible/roles/centos7-common/molecule/default
          config: <_pytest.config.Config object at 0x7f6ba4903690>
      finish pytest_report_header --> [['rootdir: /root/ansible/roles/centos7-common/molecule/default, inifile:', 'plugins: testinfra-1.14.1'], ['using: pytest-3.7.2 pylib-1.5.4', 'setuptools registered plugins:', '  testinfra-1.14.1 at /usr/lib/python2.7/site-packages/testinfra/plugin.py']] [hook]
    finish pytest_sessionstart --> [] [hook]
    pytest_collection [hook]
        session: <Session 'default'>
    perform_collect <Session 'default'> ['/root/ansible/roles/centos7-common/molecule/default/tests/test_default.py'] [collection]
        pytest_collectstart [hook]
            collector: <Session 'default'>
        finish pytest_collectstart --> [] [hook]
        pytest_make_collect_report [hook]
            collector: <Session 'default'>
        processing argument /root/ansible/roles/centos7-common/molecule/default/tests/test_default.py [collection]
            pytest_collect_file [hook]
                path: /root/ansible/roles/centos7-common/molecule/default/tests/test_default.py
                parent: <Session 'default'>
              pytest_pycollect_makemodule [hook]
                  path: /root/ansible/roles/centos7-common/molecule/default/tests/test_default.py
                  parent: <Session 'default'>
              finish pytest_pycollect_makemodule --> <Module 'tests/test_default.py'> [hook]
            finish pytest_collect_file --> [<Module 'tests/test_default.py'>] [hook]
          matchnodes [<Module 'tests/test_default.py'>] [] [collection]
            matchnodes finished ->  1 nodes [collection]
        finish pytest_make_collect_report --> <CollectReport '' lenresult=1 outcome='passed'> [hook]
        pytest_collectreport [hook]
            report: <CollectReport '' lenresult=1 outcome='passed'>
        finish pytest_collectreport --> [] [hook]
    genitems <Module 'tests/test_default.py'> [collection]
      pytest_collectstart [hook]
          collector: <Module 'tests/test_default.py'>
      finish pytest_collectstart --> [] [hook]
      pytest_make_collect_report [hook]
          collector: <Module 'tests/test_default.py'>
      find_module called for: test_default [assertion]
      matched test file (was specified on cmdline): '/root/ansible/roles/centos7-common/molecule/default/tests/test_default.py' [assertion]
      found cached rewritten pyc for '/root/ansible/roles/centos7-common/molecule/default/tests/test_default.py' [assertion]
      find_module called for: testinfra.utils.ansible_runner [assertion]
      matched marked file 'testinfra.utils.ansible_runner' (from 'testinfra') [assertion]
      found cached rewritten pyc for '/usr/lib/python2.7/site-packages/testinfra/utils/ansible_runner.py' [assertion]
      find_module called for: ansible [assertion]
      find_module called for: ansible.release [assertion]
      find_module called for: ansible.constants [assertion]
      find_module called for: jinja2 [assertion]
      find_module called for: jinja2.jinja2 [assertion]
      find_module called for: jinja2.environment [assertion]
      find_module called for: jinja2.os [assertion]
      find_module called for: jinja2.sys [assertion]
      find_module called for: jinja2.weakref [assertion]
      find_module called for: jinja2.functools [assertion]
      find_module called for: jinja2.nodes [assertion]
      find_module called for: jinja2.types [assertion]
      find_module called for: jinja2.operator [assertion]
      find_module called for: jinja2.collections [assertion]
      find_module called for: jinja2.utils [assertion]
      find_module called for: jinja2.re [assertion]
      find_module called for: jinja2.json [assertion]
      find_module called for: jinja2.errno [assertion]
      find_module called for: jinja2.threading [assertion]
      find_module called for: jinja2._compat [assertion]
      find_module called for: jinja2.cPickle [assertion]
      find_module called for: cPickle [assertion]
      find_module called for: jinja2.cStringIO [assertion]
      find_module called for: jinja2.itertools [assertion]
      find_module called for: jinja2.urllib [assertion]
      find_module called for: jinja2.markupsafe [assertion]
      find_module called for: markupsafe [assertion]
      find_module called for: markupsafe.re [assertion]
      find_module called for: markupsafe.string [assertion]
      find_module called for: markupsafe.collections [assertion]
      find_module called for: markupsafe.markupsafe [assertion]
      find_module called for: markupsafe._compat [assertion]
      find_module called for: markupsafe.sys [assertion]
      find_module called for: markupsafe._speedups [assertion]
      find_module called for: markupsafe._native [assertion]
      find_module called for: jinja2.defaults [assertion]
      find_module called for: jinja2.filters [assertion]
      find_module called for: jinja2.math [assertion]
      find_module called for: jinja2.random [assertion]
      find_module called for: jinja2.warnings [assertion]
      find_module called for: jinja2.runtime [assertion]
      find_module called for: jinja2.exceptions [assertion]
      find_module called for: jinja2.tests [assertion]
      find_module called for: jinja2.decimal [assertion]
      find_module called for: jinja2.lexer [assertion]
      find_module called for: jinja2.parser [assertion]
      find_module called for: jinja2.compiler [assertion]
      find_module called for: jinja2.copy [assertion]
      find_module called for: jinja2.keyword [assertion]
      find_module called for: jinja2.visitor [assertion]
      find_module called for: jinja2.optimizer [assertion]
      find_module called for: jinja2.idtracking [assertion]
      find_module called for: jinja2.loaders [assertion]
      find_module called for: jinja2.hashlib [assertion]
      find_module called for: jinja2.bccache [assertion]
      find_module called for: jinja2.stat [assertion]
      find_module called for: jinja2.marshal [assertion]
      find_module called for: jinja2.tempfile [assertion]
      find_module called for: jinja2.fnmatch [assertion]
      find_module called for: encodings.ascii [assertion]
      find_module called for: ansible.module_utils [assertion]
      find_module called for: ansible.module_utils._text [assertion]
      find_module called for: ansible.module_utils.codecs [assertion]
      find_module called for: ansible.module_utils.ansible [assertion]
      find_module called for: ansible.module_utils.six [assertion]
      find_module called for: ansible.module_utils.parsing [assertion]
      find_module called for: ansible.module_utils.parsing.convert_bool [assertion]
      find_module called for: ansible.module_utils.parsing.ansible [assertion]
      find_module called for: ansible.config [assertion]
      find_module called for: ansible.config.manager [assertion]
      find_module called for: yaml [assertion]
      find_module called for: yaml.error [assertion]
      find_module called for: yaml.tokens [assertion]
      find_module called for: yaml.events [assertion]
      find_module called for: yaml.nodes [assertion]
      find_module called for: yaml.loader [assertion]
      find_module called for: yaml.reader [assertion]
      find_module called for: yaml.codecs [assertion]
      find_module called for: yaml.re [assertion]
      find_module called for: yaml.scanner [assertion]
      find_module called for: yaml.parser [assertion]
      find_module called for: yaml.composer [assertion]
      find_module called for: yaml.constructor [assertion]
      find_module called for: yaml.datetime [assertion]
      find_module called for: yaml.binascii [assertion]
      find_module called for: yaml.sys [assertion]
      find_module called for: yaml.types [assertion]
      find_module called for: yaml.resolver [assertion]
      find_module called for: yaml.dumper [assertion]
      find_module called for: yaml.emitter [assertion]
      find_module called for: yaml.serializer [assertion]
      find_module called for: yaml.representer [assertion]
      find_module called for: yaml.copy_reg [assertion]
      find_module called for: yaml.cyaml [assertion]
      find_module called for: yaml._yaml [assertion]
      find_module called for: _yaml [assertion]
      find_module called for: ansible.config.data [assertion]
      find_module called for: ansible.errors [assertion]
      find_module called for: ansible.errors.yaml_strings [assertion]
      find_module called for: ansible.module_utils.six.moves [assertion]
      find_module called for: ansible.parsing [assertion]
      find_module called for: ansible.parsing.quoting [assertion]
      find_module called for: ansible.utils [assertion]
      find_module called for: ansible.utils.path [assertion]
      find_module called for: encodings.unicode_escape [assertion]
      find_module called for: ansible.cli [assertion]
      find_module called for: getpass [assertion]
      find_module called for: optparse [assertion]
      find_module called for: ansible.inventory [assertion]
      find_module called for: ansible.inventory.manager [assertion]
      find_module called for: ansible.inventory.data [assertion]
      find_module called for: ansible.inventory.group [assertion]
      find_module called for: ansible.inventory.host [assertion]
      find_module called for: ansible.utils.vars [assertion]
      find_module called for: ansible.parsing.splitter [assertion]
      find_module called for: ansible.utils.display [assertion]
      find_module called for: ansible.utils.color [assertion]
      find_module called for: ansible.parsing.utils [assertion]
      find_module called for: ansible.parsing.utils.addresses [assertion]
      find_module called for: ansible.plugins [assertion]
      find_module called for: ansible.plugins.loader [assertion]
      find_module called for: ansible.parsing.utils.yaml [assertion]
      find_module called for: ansible.parsing.yaml [assertion]
      find_module called for: ansible.parsing.yaml.loader [assertion]
      find_module called for: ansible.parsing.yaml.constructor [assertion]
      find_module called for: ansible.parsing.yaml.objects [assertion]
      find_module called for: ansible.utils.unsafe_proxy [assertion]
      find_module called for: ansible.parsing.vault [assertion]
      find_module called for: cryptography [assertion]
      find_module called for: cryptography.__about__ [assertion]
      find_module called for: cryptography.exceptions [assertion]
      find_module called for: cryptography.hazmat [assertion]
      find_module called for: cryptography.hazmat.backends [assertion]
      find_module called for: cryptography.hazmat.primitives [assertion]
      find_module called for: cryptography.hazmat.primitives.hashes [assertion]
      find_module called for: cryptography.utils [assertion]
      find_module called for: cryptography.hazmat.backends.interfaces [assertion]
      find_module called for: cryptography.hazmat.primitives.padding [assertion]
      find_module called for: cryptography.hazmat.bindings [assertion]
      find_module called for: cryptography.hazmat.bindings._padding [assertion]
      find_module called for: _cffi_backend [assertion]
      find_module called for: cryptography.hazmat.primitives.hmac [assertion]
      find_module called for: cryptography.hazmat.primitives.mac [assertion]
      find_module called for: cryptography.hazmat.primitives.kdf [assertion]
      find_module called for: cryptography.hazmat.primitives.kdf.pbkdf2 [assertion]
      find_module called for: cryptography.hazmat.primitives.constant_time [assertion]
      find_module called for: hmac [assertion]
      find_module called for: cryptography.hazmat.bindings._constant_time [assertion]
      find_module called for: cryptography.hazmat.primitives.ciphers [assertion]
      find_module called for: cryptography.hazmat.primitives.ciphers.base [assertion]
      find_module called for: cryptography.hazmat.primitives.ciphers.modes [assertion]
      find_module called for: cryptography.hazmat.primitives.ciphers.algorithms [assertion]
      find_module called for: cryptography.hazmat.backends.openssl [assertion]
      find_module called for: cryptography.hazmat.backends.openssl.backend [assertion]
      find_module called for: cryptography.x509 [assertion]
      find_module called for: cryptography.x509.certificate_transparency [assertion]
      find_module called for: cryptography.x509.base [assertion]
      find_module called for: cryptography.hazmat.primitives.asymmetric [assertion]
      find_module called for: cryptography.hazmat.primitives.asymmetric.dsa [assertion]
      find_module called for: cryptography.hazmat.primitives.asymmetric.ec [assertion]
      find_module called for: cryptography.hazmat.primitives.asymmetric.rsa [assertion]
      find_module called for: fractions [assertion]
      find_module called for: cryptography.x509.extensions [assertion]
      find_module called for: ipaddress [assertion]
      find_module called for: asn1crypto [assertion]
      find_module called for: asn1crypto.version [assertion]
      find_module called for: asn1crypto.keys [assertion]
      find_module called for: asn1crypto._elliptic_curve [assertion]
      find_module called for: asn1crypto._int [assertion]
      find_module called for: asn1crypto.util [assertion]
      find_module called for: asn1crypto._errors [assertion]
      find_module called for: asn1crypto._iri [assertion]
      find_module called for: encodings.idna [assertion]
      find_module called for: encodings.stringprep [assertion]
      find_module called for: stringprep [assertion]
      find_module called for: unicodedata [assertion]
      find_module called for: encodings.re [assertion]
      find_module called for: encodings.unicodedata [assertion]
      find_module called for: asn1crypto._types [assertion]
      find_module called for: asn1crypto._ordereddict [assertion]
      find_module called for: asn1crypto.sys [assertion]
      find_module called for: asn1crypto.collections [assertion]
      find_module called for: asn1crypto._ffi [assertion]
      find_module called for: asn1crypto._perf [assertion]
      find_module called for: asn1crypto._perf._big_num_ctypes [assertion]
      find_module called for: asn1crypto.algos [assertion]
      find_module called for: asn1crypto.core [assertion]
      find_module called for: asn1crypto._teletex_codec [assertion]
      find_module called for: asn1crypto.parser [assertion]
      find_module called for: cryptography.hazmat.primitives.serialization [assertion]
      find_module called for: cryptography.x509.general_name [assertion]
      find_module called for: idna [assertion]
      find_module called for: idna.package_data [assertion]
      find_module called for: idna.core [assertion]
      find_module called for: idna.idnadata [assertion]
      find_module called for: idna.bisect [assertion]
      find_module called for: idna.unicodedata [assertion]
      find_module called for: idna.re [assertion]
      find_module called for: idna.sys [assertion]
      find_module called for: idna.intranges [assertion]
      find_module called for: six.moves.urllib_parse [assertion]
      find_module called for: cryptography.x509.name [assertion]
      find_module called for: cryptography.x509.oid [assertion]
      find_module called for: cryptography.hazmat.backends.openssl.aead [assertion]
      find_module called for: cryptography.hazmat.backends.openssl.ciphers [assertion]
      find_module called for: cryptography.hazmat.backends.openssl.cmac [assertion]
      find_module called for: cryptography.hazmat.backends.openssl.decode_asn1 [assertion]
      find_module called for: cryptography.hazmat.backends.openssl.dh [assertion]
      find_module called for: cryptography.hazmat.primitives.asymmetric.dh [assertion]
      find_module called for: cryptography.hazmat.backends.openssl.dsa [assertion]
      find_module called for: cryptography.hazmat.backends.openssl.utils [assertion]
      find_module called for: cryptography.hazmat.primitives.asymmetric.utils [assertion]
      find_module called for: cryptography.hazmat.backends.openssl.ec [assertion]
      find_module called for: cryptography.hazmat.backends.openssl.encode_asn1 [assertion]
      find_module called for: cryptography.hazmat.backends.openssl.hashes [assertion]
      find_module called for: cryptography.hazmat.backends.openssl.hmac [assertion]
      find_module called for: cryptography.hazmat.backends.openssl.rsa [assertion]
      find_module called for: cryptography.hazmat.primitives.asymmetric.padding [assertion]
      find_module called for: cryptography.hazmat.backends.openssl.x25519 [assertion]
      find_module called for: cryptography.hazmat.primitives.asymmetric.x25519 [assertion]
      find_module called for: cryptography.hazmat.backends.openssl.x509 [assertion]
      find_module called for: cryptography.hazmat.bindings.openssl [assertion]
      find_module called for: cryptography.hazmat.bindings.openssl.binding [assertion]
      find_module called for: cryptography.hazmat.bindings._openssl [assertion]
      find_module called for: cryptography.hazmat.bindings.openssl._conditional [assertion]
      find_module called for: cryptography.hazmat.primitives.kdf.scrypt [assertion]
      find_module called for: Crypto [assertion]
      find_module called for: Crypto.Cipher [assertion]
      find_module called for: Crypto.Cipher.AES [assertion]
      find_module called for: Crypto.Cipher.Crypto [assertion]
      find_module called for: Crypto.Cipher.blockalgo [assertion]
      find_module called for: Crypto.Cipher.sys [assertion]
      find_module called for: Crypto.Util [assertion]
      find_module called for: Crypto.Util.py3compat [assertion]
      find_module called for: Crypto.Util.sys [assertion]
      find_module called for: Crypto.Cipher._AES [assertion]
      find_module called for: Crypto.Hash [assertion]
      find_module called for: Crypto.Hash.SHA256 [assertion]
      find_module called for: Crypto.Hash.Crypto [assertion]
      find_module called for: Crypto.Hash.hashalgo [assertion]
      find_module called for: Crypto.Hash.binascii [assertion]
      find_module called for: Crypto.Hash.hashlib [assertion]
      find_module called for: Crypto.Hash.HMAC [assertion]
      find_module called for: Crypto.Util.strxor [assertion]
      find_module called for: Crypto.Util.Counter [assertion]
      find_module called for: Crypto.Util.Crypto [assertion]
      find_module called for: Crypto.Util._counter [assertion]
      find_module called for: Crypto.Util.struct [assertion]
      find_module called for: Crypto.Protocol [assertion]
      find_module called for: Crypto.Protocol.KDF [assertion]
      find_module called for: Crypto.Protocol.math [assertion]
      find_module called for: Crypto.Protocol.struct [assertion]
      find_module called for: Crypto.Protocol.Crypto [assertion]
      find_module called for: Crypto.Hash.SHA [assertion]
      find_module called for: ansible.parsing.ajson [assertion]
      find_module called for: ansible.utils.plugin_docs [assertion]
      find_module called for: ansible.parsing.plugin_docs [assertion]
      find_module called for: ansible.parsing.metadata [assertion]
      find_module called for: ansible.parsing.dataloader [assertion]
      find_module called for: ansible.module_utils.basic [assertion]
      find_module called for: ansible.module_utils.atexit [assertion]
      find_module called for: ansible.module_utils.locale [assertion]
      find_module called for: ansible.module_utils.os [assertion]
      find_module called for: ansible.module_utils.re [assertion]
      find_module called for: ansible.module_utils.shlex [assertion]
      find_module called for: ansible.module_utils.subprocess [assertion]
      find_module called for: ansible.module_utils.sys [assertion]
      find_module called for: ansible.module_utils.types [assertion]
      find_module called for: ansible.module_utils.time [assertion]
      find_module called for: ansible.module_utils.select [assertion]
      find_module called for: ansible.module_utils.shutil [assertion]
      find_module called for: ansible.module_utils.stat [assertion]
      find_module called for: ansible.module_utils.tempfile [assertion]
      find_module called for: ansible.module_utils.traceback [assertion]
      find_module called for: ansible.module_utils.grp [assertion]
      find_module called for: ansible.module_utils.pwd [assertion]
      find_module called for: ansible.module_utils.platform [assertion]
      find_module called for: ansible.module_utils.errno [assertion]
      find_module called for: ansible.module_utils.datetime [assertion]
      find_module called for: ansible.module_utils.collections [assertion]
      find_module called for: ansible.module_utils.itertools [assertion]
      find_module called for: ansible.module_utils.syslog [assertion]
      find_module called for: syslog [assertion]
      find_module called for: ansible.module_utils.systemd [assertion]
      find_module called for: systemd [assertion]
      find_module called for: systemd.journal [assertion]
      find_module called for: systemd.__future__ [assertion]
      find_module called for: systemd.sys [assertion]
      find_module called for: systemd.datetime [assertion]
      find_module called for: systemd.uuid [assertion]
      find_module called for: systemd.traceback [assertion]
      find_module called for: systemd.os [assertion]
      find_module called for: systemd.logging [assertion]
      find_module called for: systemd.syslog [assertion]
      find_module called for: systemd._journal [assertion]
      find_module called for: systemd._reader [assertion]
      find_module called for: systemd.id128 [assertion]
      find_module called for: ansible.module_utils.selinux [assertion]
      find_module called for: selinux [assertion]
      find_module called for: selinux.sys [assertion]
      find_module called for: selinux.os [assertion]
      find_module called for: selinux.imp [assertion]
      find_module called for: swig_runtime_data4 [assertion]
      find_module called for: selinux.shutil [assertion]
      find_module called for: selinux.errno [assertion]
      find_module called for: selinux.stat [assertion]
      find_module called for: ansible.module_utils.json [assertion]
      find_module called for: ansible.module_utils.hashlib [assertion]
      find_module called for: ansible.module_utils.pycompat24 [assertion]
      find_module called for: ansible.module_utils.ast [assertion]
      find_module called for: pipes [assertion]
      find_module called for: ansible.vars [assertion]
      find_module called for: ansible.vars.manager [assertion]
      find_module called for: ansible.inventory.helpers [assertion]
      find_module called for: ansible.plugins.cache [assertion]
      find_module called for: ansible.template [assertion]
      find_module called for: ansible.template.safe_eval [assertion]
      find_module called for: ansible.template.template [assertion]
      find_module called for: ansible.template.vars [assertion]
      find_module called for: ansible.utils.listify [assertion]
      find_module called for: ansible.vars.clean [assertion]
      find_module called for: ansible.cli.playbook [assertion]
      find_module called for: ansible.executor [assertion]
      find_module called for: ansible.executor.playbook_executor [assertion]
      find_module called for: ansible.executor.task_queue_manager [assertion]
      find_module called for: multiprocessing [assertion]
      find_module called for: multiprocessing.os [assertion]
      find_module called for: multiprocessing.sys [assertion]
      find_module called for: multiprocessing.multiprocessing [assertion]
      find_module called for: multiprocessing.process [assertion]
      find_module called for: multiprocessing.signal [assertion]
      find_module called for: multiprocessing.itertools [assertion]
      find_module called for: multiprocessing.util [assertion]
      find_module called for: multiprocessing.weakref [assertion]
      find_module called for: multiprocessing.atexit [assertion]
      find_module called for: multiprocessing.threading [assertion]
      find_module called for: multiprocessing.subprocess [assertion]
      find_module called for: multiprocessing._multiprocessing [assertion]
      find_module called for: _multiprocessing [assertion]
      find_module called for: ansible.executor.play_iterator [assertion]
      find_module called for: ansible.playbook [assertion]
      find_module called for: ansible.playbook.play [assertion]
      find_module called for: ansible.playbook.attribute [assertion]
      find_module called for: ansible.playbook.base [assertion]
      find_module called for: ansible.playbook.become [assertion]
      find_module called for: ansible.playbook.block [assertion]
      find_module called for: ansible.playbook.conditional [assertion]
      find_module called for: ansible.playbook.helpers [assertion]
      find_module called for: ansible.parsing.mod_args [assertion]
      find_module called for: ansible.playbook.role [assertion]
      find_module called for: ansible.playbook.role.metadata [assertion]
      find_module called for: ansible.playbook.role.include [assertion]
      find_module called for: ansible.playbook.role.definition [assertion]
      find_module called for: ansible.playbook.taggable [assertion]
      find_module called for: ansible.playbook.role.requirement [assertion]
      find_module called for: tarfile [assertion]
      find_module called for: ansible.playbook.playbook_include [assertion]
      find_module called for: ansible.playbook.task [assertion]
      find_module called for: ansible.playbook.loop_control [assertion]
      find_module called for: ansible.executor.stats [assertion]
      find_module called for: ansible.executor.task_result [assertion]
      find_module called for: ansible.playbook.play_context [assertion]
      find_module called for: ansible.utils.ssh_functions [assertion]
      find_module called for: ansible.plugins.callback [assertion]
      find_module called for: ansible.utils.helpers [assertion]
      find_module called for: ansible.vars.hostvars [assertion]
      find_module called for: ansible.vars.reserved [assertion]
      find_module called for: ansible.plugins.inventory [assertion]
      find_module called for: ansible.utils.shlex [assertion]
        pytest_pycollect_makeitem [hook]
            obj: <function check_htop_is_installed at 0x7f6ba2e08c08>
            collector: <Module 'tests/test_default.py'>
            name: check_htop_is_installed
        finish pytest_pycollect_makeitem --> None [hook]
        pytest_pycollect_makeitem [hook]
            obj: <module '_pytest.assertion.rewrite' from '/usr/lib/python2.7/site-packages/_pytest/assertion/rewrite.pyc'>
            collector: <Module 'tests/test_default.py'>
            name: @pytest_ar
        finish pytest_pycollect_makeitem --> None [hook]
        pytest_pycollect_makeitem [hook]
            obj: None
            collector: <Module 'tests/test_default.py'>
            name: __spec__
        finish pytest_pycollect_makeitem --> None [hook]
        pytest_pycollect_makeitem [hook]
            obj: {'bytearray': <type 'bytearray'>, 'IndexError': <type 'exceptions.IndexError'>, 'all': <built-in function all>, 'help': Type help() for interactive help, or help(object) for help about object., 'vars': <built-in function vars>, 'SyntaxError': <type 'exceptions.SyntaxError'>, 'unicode': <type 'unicode'>, 'UnicodeDecodeError': <type 'exceptions.UnicodeDecodeError'>, 'memoryview': <type 'memoryview'>, 'isinstance': <built-in function isinstance>, 'copyright': Copyright (c) 2001-2013 Python Software Foundation.
All Rights Reserved.

Copyright (c) 2000 BeOpen.com.
All Rights Reserved.

Copyright (c) 1995-2001 Corporation for National Research Initiatives.
All Rights Reserved.

Copyright (c) 1991-1995 Stichting Mathematisch Centrum, Amsterdam.
All Rights Reserved., 'NameError': <type 'exceptions.NameError'>, 'BytesWarning': <type 'exceptions.BytesWarning'>, 'dict': <type 'dict'>, 'input': <built-in function input>, 'oct': <built-in function oct>, 'bin': <built-in function bin>, 'SystemExit': <type 'exceptions.SystemExit'>, 'StandardError': <type 'exceptions.StandardError'>, 'format': <built-in function format>, 'repr': <built-in function repr>, 'sorted': <built-in function sorted>, 'False': False, 'RuntimeWarning': <type 'exceptions.RuntimeWarning'>, 'list': <type 'list'>, 'iter': <built-in function iter>, 'reload': <built-in function reload>, 'Warning': <type 'exceptions.Warning'>, '__package__': None, 'round': <built-in function round>, 'dir': <built-in function dir>, 'cmp': <built-in function cmp>, 'set': <type 'set'>, 'bytes': <type 'str'>, 'reduce': <built-in function reduce>, 'intern': <built-in function intern>, 'issubclass': <built-in function issubclass>, 'Ellipsis': Ellipsis, 'EOFError': <type 'exceptions.EOFError'>, 'locals': <built-in function locals>, 'BufferError': <type 'exceptions.BufferError'>, 'slice': <type 'slice'>, 'FloatingPointError': <type 'exceptions.FloatingPointError'>, 'sum': <built-in function sum>, 'getattr': <built-in function getattr>, 'abs': <built-in function abs>, 'exit': Use exit() or Ctrl-D (i.e. EOF) to exit, 'print': <built-in function print>, 'True': True, 'FutureWarning': <type 'exceptions.FutureWarning'>, 'ImportWarning': <type 'exceptions.ImportWarning'>, 'None': None, 'hash': <built-in function hash>, 'ReferenceError': <type 'exceptions.ReferenceError'>, 'len': <built-in function len>, 'credits':     Thanks to CWI, CNRI, BeOpen.com, Zope Corporation and a cast of thousands
    for supporting Python development.  See www.python.org for more information., 'frozenset': <type 'frozenset'>, '__name__': '__builtin__', 'ord': <built-in function ord>, 'super': <type 'super'>, 'TypeError': <type 'exceptions.TypeError'>, 'license': See http://www.python.org/2.7/license.html, 'KeyboardInterrupt': <type 'exceptions.KeyboardInterrupt'>, 'UserWarning': <type 'exceptions.UserWarning'>, 'filter': <built-in function filter>, 'range': <built-in function range>, 'staticmethod': <type 'staticmethod'>, 'SystemError': <type 'exceptions.SystemError'>, 'BaseException': <type 'exceptions.BaseException'>, 'pow': <built-in function pow>, 'RuntimeError': <type 'exceptions.RuntimeError'>, 'float': <type 'float'>, 'MemoryError': <type 'exceptions.MemoryError'>, 'StopIteration': <type 'exceptions.StopIteration'>, 'globals': <built-in function globals>, 'divmod': <built-in function divmod>, 'enumerate': <type 'enumerate'>, 'apply': <built-in function apply>, 'LookupError': <type 'exceptions.LookupError'>, 'open': <built-in function open>, 'quit': Use quit() or Ctrl-D (i.e. EOF) to exit, 'basestring': <type 'basestring'>, 'UnicodeError': <type 'exceptions.UnicodeError'>, 'zip': <built-in function zip>, 'hex': <built-in function hex>, 'long': <type 'long'>, 'next': <built-in function next>, 'ImportError': <type 'exceptions.ImportError'>, 'chr': <built-in function chr>, 'xrange': <type 'xrange'>, 'type': <type 'type'>, '__doc__': "Built-in functions, exceptions, and other objects.\n\nNoteworthy: None is the `nil' object; Ellipsis represents `...' in slices.", 'Exception': <type 'exceptions.Exception'>, 'tuple': <type 'tuple'>, 'UnicodeTranslateError': <type 'exceptions.UnicodeTranslateError'>, 'reversed': <type 'reversed'>, 'UnicodeEncodeError': <type 'exceptions.UnicodeEncodeError'>, 'IOError': <type 'exceptions.IOError'>, 'hasattr': <built-in function hasattr>, 'delattr': <built-in function delattr>, 'setattr': <built-in function setattr>, 'raw_input': <built-in function raw_input>, 'SyntaxWarning': <type 'exceptions.SyntaxWarning'>, 'compile': <built-in function compile>, 'ArithmeticError': <type 'exceptions.ArithmeticError'>, 'str': <type 'str'>, 'property': <type 'property'>, 'GeneratorExit': <type 'exceptions.GeneratorExit'>, 'int': <type 'int'>, '__import__': <built-in function __import__>, 'KeyError': <type 'exceptions.KeyError'>, 'coerce': <built-in function coerce>, 'PendingDeprecationWarning': <type 'exceptions.PendingDeprecationWarning'>, 'file': <type 'file'>, 'EnvironmentError': <type 'exceptions.EnvironmentError'>, 'unichr': <built-in function unichr>, 'id': <built-in function id>, 'OSError': <type 'exceptions.OSError'>, 'DeprecationWarning': <type 'exceptions.DeprecationWarning'>, 'min': <built-in function min>, 'UnicodeWarning': <type 'exceptions.UnicodeWarning'>, 'execfile': <built-in function execfile>, 'any': <built-in function any>, 'complex': <type 'complex'>, 'bool': <type 'bool'>, 'ValueError': <type 'exceptions.ValueError'>, 'NotImplemented': NotImplemented, 'map': <built-in function map>, 'buffer': <type 'buffer'>, 'max': <built-in function max>, 'object': <type 'object'>, 'TabError': <type 'exceptions.TabError'>, 'callable': <built-in function callable>, 'ZeroDivisionError': <type 'exceptions.ZeroDivisionError'>, 'eval': <built-in function eval>, '__debug__': True, 'IndentationError': <type 'exceptions.IndentationError'>, 'AssertionError': <type 'exceptions.AssertionError'>, 'classmethod': <type 'classmethod'>, 'UnboundLocalError': <type 'exceptions.UnboundLocalError'>, 'NotImplementedError': <type 'exceptions.NotImplementedError'>, 'AttributeError': <type 'exceptions.AttributeError'>, 'OverflowError': <type 'exceptions.OverflowError'>}
            collector: <Module 'tests/test_default.py'>
            name: __builtins__
        finish pytest_pycollect_makeitem --> None [hook]
        pytest_pycollect_makeitem [hook]
            obj: <module 'os' from '/usr/lib64/python2.7/os.pyc'>
            collector: <Module 'tests/test_default.py'>
            name: os
        finish pytest_pycollect_makeitem --> None [hook]
        pytest_pycollect_makeitem [hook]
            obj: /root/ansible/roles/centos7-common/molecule/default/tests/test_default.py
            collector: <Module 'tests/test_default.py'>
            name: __file__
        finish pytest_pycollect_makeitem --> None [hook]
        pytest_pycollect_makeitem [hook]
            obj: <_pytest.assertion.rewrite.AssertionRewritingHook object at 0x7f6ba41e4110>
            collector: <Module 'tests/test_default.py'>
            name: __loader__
        finish pytest_pycollect_makeitem --> None [hook]
        pytest_pycollect_makeitem [hook]
            obj: [u'instance']
            collector: <Module 'tests/test_default.py'>
            name: testinfra_hosts
        finish pytest_pycollect_makeitem --> None [hook]
        pytest_pycollect_makeitem [hook]
            obj: <module 'testinfra' from '/usr/lib/python2.7/site-packages/testinfra/__init__.pyc'>
            collector: <Module 'tests/test_default.py'>
            name: testinfra
        finish pytest_pycollect_makeitem --> None [hook]
        pytest_pycollect_makeitem [hook]
            obj: /root/ansible/roles/centos7-common/molecule/default/tests/__pycache__/test_default.cpython-27-PYTEST.pyc
            collector: <Module 'tests/test_default.py'>
            name: __cached__
        finish pytest_pycollect_makeitem --> None [hook]
        pytest_pycollect_makeitem [hook]
            obj: test_default
            collector: <Module 'tests/test_default.py'>
            name: __name__
        finish pytest_pycollect_makeitem --> None [hook]
        pytest_pycollect_makeitem [hook]
            obj: None
            collector: <Module 'tests/test_default.py'>
            name: __package__
        finish pytest_pycollect_makeitem --> None [hook]
        pytest_pycollect_makeitem [hook]
            obj: <module '__builtin__' (built-in)>
            collector: <Module 'tests/test_default.py'>
            name: @py_builtins
        finish pytest_pycollect_makeitem --> None [hook]
        pytest_pycollect_makeitem [hook]
            obj: None
            collector: <Module 'tests/test_default.py'>
            name: __doc__
        finish pytest_pycollect_makeitem --> None [hook]
        pytest_pycollect_makeitem [hook]
            obj: <slot wrapper '__setattr__' of 'module' objects>
            collector: <Module 'tests/test_default.py'>
            name: __setattr__
        finish pytest_pycollect_makeitem --> None [hook]
        pytest_pycollect_makeitem [hook]
            obj: <built-in method __new__ of type object at 0x7f6bb12d88a0>
            collector: <Module 'tests/test_default.py'>
            name: __new__
        finish pytest_pycollect_makeitem --> None [hook]
        pytest_pycollect_makeitem [hook]
            obj: <slot wrapper '__getattribute__' of 'module' objects>
            collector: <Module 'tests/test_default.py'>
            name: __getattribute__
        finish pytest_pycollect_makeitem --> None [hook]
        pytest_pycollect_makeitem [hook]
            obj: <slot wrapper '__delattr__' of 'module' objects>
            collector: <Module 'tests/test_default.py'>
            name: __delattr__
        finish pytest_pycollect_makeitem --> None [hook]
        pytest_pycollect_makeitem [hook]
            obj: <slot wrapper '__repr__' of 'module' objects>
            collector: <Module 'tests/test_default.py'>
            name: __repr__
        finish pytest_pycollect_makeitem --> None [hook]
        pytest_pycollect_makeitem [hook]
            obj: <member '__dict__' of 'module' objects>
            collector: <Module 'tests/test_default.py'>
            name: __dict__
        finish pytest_pycollect_makeitem --> None [hook]
        pytest_pycollect_makeitem [hook]
            obj: <slot wrapper '__init__' of 'module' objects>
            collector: <Module 'tests/test_default.py'>
            name: __init__
        finish pytest_pycollect_makeitem --> None [hook]
        pytest_pycollect_makeitem [hook]
            obj: <method '__reduce_ex__' of 'object' objects>
            collector: <Module 'tests/test_default.py'>
            name: __reduce_ex__
        finish pytest_pycollect_makeitem --> None [hook]
        pytest_pycollect_makeitem [hook]
            obj: <method '__reduce__' of 'object' objects>
            collector: <Module 'tests/test_default.py'>
            name: __reduce__
        finish pytest_pycollect_makeitem --> None [hook]
        pytest_pycollect_makeitem [hook]
            obj: <slot wrapper '__str__' of 'object' objects>
            collector: <Module 'tests/test_default.py'>
            name: __str__
        finish pytest_pycollect_makeitem --> None [hook]
        pytest_pycollect_makeitem [hook]
            obj: <method '__format__' of 'object' objects>
            collector: <Module 'tests/test_default.py'>
            name: __format__
        finish pytest_pycollect_makeitem --> None [hook]
        pytest_pycollect_makeitem [hook]
            obj: <attribute '__class__' of 'object' objects>
            collector: <Module 'tests/test_default.py'>
            name: __class__
        finish pytest_pycollect_makeitem --> None [hook]
        pytest_pycollect_makeitem [hook]
            obj: <method '__subclasshook__' of 'object' objects>
            collector: <Module 'tests/test_default.py'>
            name: __subclasshook__
        finish pytest_pycollect_makeitem --> None [hook]
        pytest_pycollect_makeitem [hook]
            obj: <slot wrapper '__hash__' of 'object' objects>
            collector: <Module 'tests/test_default.py'>
            name: __hash__
        finish pytest_pycollect_makeitem --> None [hook]
        pytest_pycollect_makeitem [hook]
            obj: <method '__sizeof__' of 'object' objects>
            collector: <Module 'tests/test_default.py'>
            name: __sizeof__
        finish pytest_pycollect_makeitem --> None [hook]
      finish pytest_make_collect_report --> <CollectReport 'tests/test_default.py' lenresult=0 outcome='passed'> [hook]
      pytest_collectreport [hook]
          report: <CollectReport 'tests/test_default.py' lenresult=0 outcome='passed'>
      finish pytest_collectreport --> [] [hook]
      pytest_collection_modifyitems [hook]
          items: []
          session: <Session 'default'>
          config: <_pytest.config.Config object at 0x7f6ba4903690>
      finish pytest_collection_modifyitems --> [] [hook]
      pytest_collection_finish [hook]
          session: <Session 'default'>
        pytest_report_collectionfinish [hook]
            items: []
            config: <_pytest.config.Config object at 0x7f6ba4903690>
            startdir: /root/ansible/roles/centos7-common/molecule/default
        finish pytest_report_collectionfinish --> [] [hook]
      finish pytest_collection_finish --> [] [hook]
    finish pytest_collection --> [] [hook]
    pytest_runtestloop [hook]
        session: <Session 'default'>
    finish pytest_runtestloop --> True [hook]
    pytest_sessionfinish [hook]
        session: <Session 'default'>
        exitstatus: 5
      pytest_terminal_summary [hook]
          exitstatus: 5
          terminalreporter: <_pytest.terminal.TerminalReporter object at 0x7f6ba3b28e90>
      finish pytest_terminal_summary --> [] [hook]
    finish pytest_sessionfinish --> [] [hook]
    pytest_unconfigure [hook]
        config: <_pytest.config.Config object at 0x7f6ba4903690>
    finish pytest_unconfigure --> [] [hook]
  finish [config:tmpdir]
